<?xml version="1.0" encoding="UTF-8"?>
<!-- Generated by org.testng.reporters.JUnitXMLReporter -->
<testsuite ignored="0" hostname="5CG1265QHJ" failures="0" tests="3" name="Default test" time="0.038" errors="0" timestamp="2022-02-27T07:13:37 IST">
  <testcase classname="TestPackage.Day5" name="MobileSignoutcarLoan" time="0.005"/>
  <testcase classname="TestPackage.Day5" name="MobileSignoutcarLoan" time="0.001"/>
  <testcase classname="TestPackage.Day5" name="MobileSignoutcarLoan" time="0.0"/>
</testsuite> <!-- Default test -->
