<?xml version="1.0" encoding="UTF-8"?>
<!-- Generated by org.testng.reporters.JUnitXMLReporter -->
<testsuite ignored="1" hostname="5CG1265QHJ" failures="0" tests="3" name="Car Loan" time="0.044" errors="0" timestamp="2022-02-27T08:06:22 IST">
  <testcase classname="TestPackage.Day3" name="MobileLogincarLoan" time="0.003"/>
  <testcase classname="TestPackage.Day3" name="MobileSignoutcarLoan" time="0.003"/>
  <testcase classname="TestPackage.Day3" name="WebloginCarloan" time="0.001"/>
  <testcase classname="TestPackage.Day3" name="MobileSignincarLoan" time="0.0">
    <ignored/>
  </testcase> <!-- MobileSignincarLoan -->
</testsuite> <!-- Car Loan -->
