<?xml version="1.0" encoding="UTF-8"?>
<!-- Generated by org.testng.reporters.JUnitXMLReporter -->
<testsuite ignored="9" hostname="5CG1265QHJ" failures="0" tests="3" name="Regression" time="0.045" errors="0" timestamp="2022-02-26T18:00:36 IST">
  <testcase classname="TestPackage.Day2" name="Demo" time="0.006"/>
  <testcase classname="TestPackage.Day4" name="MobileLoginHomeLoan" time="0.0"/>
  <testcase classname="TestPackage.Day3" name="MobileLogincarLoan" time="0.001"/>
  <testcase classname="TestPackage.Day2" name="SecondTest" time="0.0">
    <ignored/>
  </testcase> <!-- SecondTest -->
  <testcase classname="TestPackage.Day3" name="MobileSignoutcarLoan" time="0.0">
    <ignored/>
  </testcase> <!-- MobileSignoutcarLoan -->
  <testcase classname="TestPackage.Day3" name="MobileSignincarLoan" time="0.0">
    <ignored/>
  </testcase> <!-- MobileSignincarLoan -->
  <testcase classname="TestPackage.Day4" name="APILoginHomeLoan" time="0.0">
    <ignored/>
  </testcase> <!-- APILoginHomeLoan -->
  <testcase classname="TestPackage.Day4" name="WebloginHomeloan" time="0.0">
    <ignored/>
  </testcase> <!-- WebloginHomeloan -->
  <testcase classname="TestPackage.Day3" name="WebloginCarloan" time="0.0">
    <ignored/>
  </testcase> <!-- WebloginCarloan -->
  <testcase classname="TestPackage.Day1" name="Demo" time="0.0">
    <ignored/>
  </testcase> <!-- Demo -->
  <testcase classname="TestPackage.Day1" name="SecondTest" time="0.0">
    <ignored/>
  </testcase> <!-- SecondTest -->
  <testcase classname="TestPackage.Day3" name="APIcarLoan" time="0.0">
    <ignored/>
  </testcase> <!-- APIcarLoan -->
</testsuite> <!-- Regression -->
