<?xml version="1.0" encoding="UTF-8"?>
<testng-results ignored="2" total="11" passed="8" failed="1" skipped="0">
  <reporter-output>
  </reporter-output>
  <suite started-at="2022-02-27T08:06:22 IST" name="Loan Department" finished-at="2022-02-27T08:06:22 IST" duration-ms="48">
    <groups>
      <group name="Smoke">
        <method signature="Day2.Demo()[pri:0, instance:TestPackage.Day2@6a84a97d]" name="Demo" class="TestPackage.Day2"/>
        <method signature="Day4.MobileLoginHomeLoan()[pri:0, instance:TestPackage.Day4@6c130c45]" name="MobileLoginHomeLoan" class="TestPackage.Day4"/>
        <method signature="Day3.MobileLogincarLoan()[pri:0, instance:TestPackage.Day3@58695725]" name="MobileLogincarLoan" class="TestPackage.Day3"/>
      </group> <!-- Smoke -->
    </groups>
    <test started-at="2022-02-27T08:06:22 IST" name="Car Loan" finished-at="2022-02-27T08:06:22 IST" duration-ms="44">
      <class name="TestPackage.Day3">
        <test-method is-config="true" signature="Bfsuite()[pri:0, instance:TestPackage.Day3@58695725]" started-at="2022-02-27T08:06:22 IST" name="Bfsuite" finished-at="2022-02-27T08:06:22 IST" duration-ms="8" status="PASS">
          <reporter-output>
          </reporter-output>
        </test-method> <!-- Bfsuite -->
        <test-method is-config="true" signature="BeforeClass()[pri:0, instance:TestPackage.Day3@58695725]" started-at="2022-02-27T08:06:22 IST" name="BeforeClass" finished-at="2022-02-27T08:06:22 IST" duration-ms="0" status="PASS">
          <reporter-output>
          </reporter-output>
        </test-method> <!-- BeforeClass -->
        <test-method is-config="true" signature="BeforeEvery()[pri:0, instance:TestPackage.Day3@58695725]" started-at="2022-02-27T08:06:22 IST" name="BeforeEvery" finished-at="2022-02-27T08:06:22 IST" duration-ms="1" status="PASS">
          <reporter-output>
          </reporter-output>
        </test-method> <!-- BeforeEvery -->
        <test-method signature="MobileLogincarLoan()[pri:0, instance:TestPackage.Day3@58695725]" started-at="2022-02-27T08:06:22 IST" name="MobileLogincarLoan" finished-at="2022-02-27T08:06:22 IST" duration-ms="3" status="PASS">
          <reporter-output>
          </reporter-output>
        </test-method> <!-- MobileLogincarLoan -->
        <test-method is-config="true" signature="AfterEvery()[pri:0, instance:TestPackage.Day3@58695725]" started-at="2022-02-27T08:06:22 IST" name="AfterEvery" finished-at="2022-02-27T08:06:22 IST" duration-ms="0" status="PASS">
          <reporter-output>
          </reporter-output>
        </test-method> <!-- AfterEvery -->
        <test-method is-config="true" signature="BeforeEvery()[pri:0, instance:TestPackage.Day3@58695725]" started-at="2022-02-27T08:06:22 IST" name="BeforeEvery" finished-at="2022-02-27T08:06:22 IST" duration-ms="1" status="PASS">
          <reporter-output>
          </reporter-output>
        </test-method> <!-- BeforeEvery -->
        <test-method signature="MobileSignoutcarLoan()[pri:0, instance:TestPackage.Day3@58695725]" started-at="2022-02-27T08:06:22 IST" name="MobileSignoutcarLoan" finished-at="2022-02-27T08:06:22 IST" duration-ms="3" status="PASS">
          <reporter-output>
          </reporter-output>
        </test-method> <!-- MobileSignoutcarLoan -->
        <test-method is-config="true" signature="AfterEvery()[pri:0, instance:TestPackage.Day3@58695725]" started-at="2022-02-27T08:06:22 IST" name="AfterEvery" finished-at="2022-02-27T08:06:22 IST" duration-ms="0" status="PASS">
          <reporter-output>
          </reporter-output>
        </test-method> <!-- AfterEvery -->
        <test-method is-config="true" signature="BeforeEvery()[pri:0, instance:TestPackage.Day3@58695725]" started-at="2022-02-27T08:06:22 IST" name="BeforeEvery" finished-at="2022-02-27T08:06:22 IST" duration-ms="0" status="PASS">
          <reporter-output>
          </reporter-output>
        </test-method> <!-- BeforeEvery -->
        <test-method signature="WebloginCarloan(java.lang.String,java.lang.String)[pri:0, instance:TestPackage.Day3@58695725]" started-at="2022-02-27T08:06:22 IST" name="WebloginCarloan" finished-at="2022-02-27T08:06:22 IST" duration-ms="1" status="PASS">
          <params>
            <param index="0">
              <value>
                <![CDATA[carloan.com]]>
              </value>
            </param>
            <param index="1">
              <value>
                <![CDATA[123456]]>
              </value>
            </param>
          </params>
          <reporter-output>
          </reporter-output>
        </test-method> <!-- WebloginCarloan -->
        <test-method is-config="true" signature="AfterClass()[pri:0, instance:TestPackage.Day3@58695725]" started-at="2022-02-27T08:06:22 IST" name="AfterClass" finished-at="2022-02-27T08:06:22 IST" duration-ms="1" status="PASS">
          <reporter-output>
          </reporter-output>
        </test-method> <!-- AfterClass -->
        <test-method is-config="true" signature="AfterEvery()[pri:0, instance:TestPackage.Day3@58695725]" started-at="2022-02-27T08:06:22 IST" name="AfterEvery" finished-at="2022-02-27T08:06:22 IST" duration-ms="0" status="PASS">
          <reporter-output>
          </reporter-output>
        </test-method> <!-- AfterEvery -->
      </class> <!-- TestPackage.Day3 -->
      <class name="TestPackage.Day1">
        <test-method is-config="true" signature="Afsuite()[pri:0, instance:TestPackage.Day1@22e357dc]" started-at="2022-02-27T08:06:22 IST" name="Afsuite" finished-at="2022-02-27T08:06:22 IST" duration-ms="0" status="PASS">
          <reporter-output>
          </reporter-output>
        </test-method> <!-- Afsuite -->
      </class> <!-- TestPackage.Day1 -->
    </test> <!-- Car Loan -->
    <test started-at="2022-02-27T08:06:22 IST" name="Personal Loan" finished-at="2022-02-27T08:06:22 IST" duration-ms="48">
      <class name="TestPackage.Day2">
        <test-method is-config="true" signature="prerequisite()[pri:0, instance:TestPackage.Day2@6a84a97d]" started-at="2022-02-27T08:06:22 IST" name="prerequisite" finished-at="2022-02-27T08:06:22 IST" duration-ms="1" status="PASS">
          <reporter-output>
          </reporter-output>
        </test-method> <!-- prerequisite -->
        <test-method signature="Demo()[pri:0, instance:TestPackage.Day2@6a84a97d]" started-at="2022-02-27T08:06:22 IST" name="Demo" finished-at="2022-02-27T08:06:22 IST" duration-ms="1" status="PASS">
          <reporter-output>
          </reporter-output>
        </test-method> <!-- Demo -->
        <test-method signature="SecondTest()[pri:0, instance:TestPackage.Day2@6a84a97d]" started-at="2022-02-27T08:06:22 IST" name="SecondTest" finished-at="2022-02-27T08:06:22 IST" duration-ms="1" status="PASS">
          <reporter-output>
          </reporter-output>
        </test-method> <!-- SecondTest -->
      </class> <!-- TestPackage.Day2 -->
      <class name="TestPackage.Day4">
        <test-method signature="APILoginHomeLoan()[pri:0, instance:TestPackage.Day4@6c130c45]" started-at="2022-02-27T08:06:22 IST" name="APILoginHomeLoan" finished-at="2022-02-27T08:06:22 IST" duration-ms="2" status="PASS">
          <reporter-output>
          </reporter-output>
        </test-method> <!-- APILoginHomeLoan -->
        <test-method signature="MobileLoginHomeLoan()[pri:0, instance:TestPackage.Day4@6c130c45]" started-at="2022-02-27T08:06:22 IST" name="MobileLoginHomeLoan" finished-at="2022-02-27T08:06:22 IST" duration-ms="1" status="PASS">
          <reporter-output>
          </reporter-output>
        </test-method> <!-- MobileLoginHomeLoan -->
        <test-method signature="WebloginHomeloan(java.lang.String)[pri:0, instance:TestPackage.Day4@6c130c45]" started-at="2022-02-27T08:06:22 IST" name="WebloginHomeloan" finished-at="2022-02-27T08:06:22 IST" duration-ms="1" status="PASS">
          <params>
            <param index="0">
              <value>
                <![CDATA[personalloan.com]]>
              </value>
            </param>
          </params>
          <reporter-output>
          </reporter-output>
        </test-method> <!-- WebloginHomeloan -->
      </class> <!-- TestPackage.Day4 -->
      <class name="TestPackage.Day1">
        <test-method signature="Demo()[pri:0, instance:TestPackage.Day1@22e357dc]" started-at="2022-02-27T08:06:22 IST" name="Demo" finished-at="2022-02-27T08:06:22 IST" duration-ms="8" status="FAIL">
          <exception class="java.lang.AssertionError">
            <message>
              <![CDATA[expected [true] but found [false]]]>
            </message>
            <full-stacktrace>
              <![CDATA[java.lang.AssertionError: expected [true] but found [false]
at org.testng.Assert.fail(Assert.java:99)
at org.testng.Assert.failNotEquals(Assert.java:1037)
at org.testng.Assert.assertTrue(Assert.java:45)
at org.testng.Assert.assertTrue(Assert.java:55)
at TestPackage.Day1.Demo(Day1.java:20)
at java.base/jdk.internal.reflect.NativeMethodAccessorImpl.invoke0(Native Method)
at java.base/jdk.internal.reflect.NativeMethodAccessorImpl.invoke(NativeMethodAccessorImpl.java:77)
at java.base/jdk.internal.reflect.DelegatingMethodAccessorImpl.invoke(DelegatingMethodAccessorImpl.java:43)
at java.base/java.lang.reflect.Method.invoke(Method.java:568)
at org.testng.internal.MethodInvocationHelper.invokeMethod(MethodInvocationHelper.java:133)
at org.testng.internal.TestInvoker.invokeMethod(TestInvoker.java:598)
at org.testng.internal.TestInvoker.invokeTestMethod(TestInvoker.java:173)
at org.testng.internal.MethodRunner.runInSequence(MethodRunner.java:46)
at org.testng.internal.TestInvoker$MethodInvocationAgent.invoke(TestInvoker.java:824)
at org.testng.internal.TestInvoker.invokeTestMethods(TestInvoker.java:146)
at org.testng.internal.TestMethodWorker.invokeTestMethods(TestMethodWorker.java:146)
at org.testng.internal.TestMethodWorker.run(TestMethodWorker.java:128)
at java.base/java.util.ArrayList.forEach(ArrayList.java:1511)
at org.testng.TestRunner.privateRun(TestRunner.java:794)
at org.testng.TestRunner.run(TestRunner.java:596)
at org.testng.SuiteRunner.runTest(SuiteRunner.java:377)
at org.testng.SuiteRunner.access$000(SuiteRunner.java:28)
at org.testng.SuiteRunner$SuiteWorker.run(SuiteRunner.java:418)
at org.testng.internal.thread.ThreadUtil.lambda$execute$0(ThreadUtil.java:64)
at java.base/java.util.concurrent.FutureTask.run(FutureTask.java:264)
at java.base/java.util.concurrent.ThreadPoolExecutor.runWorker(ThreadPoolExecutor.java:1136)
at java.base/java.util.concurrent.ThreadPoolExecutor$Worker.run(ThreadPoolExecutor.java:635)
at java.base/java.lang.Thread.run(Thread.java:833)
]]>
            </full-stacktrace>
          </exception> <!-- java.lang.AssertionError -->
          <reporter-output>
          </reporter-output>
        </test-method> <!-- Demo -->
        <test-method is-config="true" signature="prerequisite1()[pri:0, instance:TestPackage.Day1@22e357dc]" started-at="2022-02-27T08:06:22 IST" name="prerequisite1" finished-at="2022-02-27T08:06:22 IST" duration-ms="0" status="PASS">
          <reporter-output>
          </reporter-output>
        </test-method> <!-- prerequisite1 -->
      </class> <!-- TestPackage.Day1 -->
    </test> <!-- Personal Loan -->
  </suite> <!-- Loan Department -->
</testng-results>
